Arguments: 
  /usr/local/bin/node /opt/yarn-v1.22.19/bin/yarn.js add lucid-react

PATH: 
  /opt/git/bin:/vscode/1.89.1.24130/bin/remote-cli:/opt/git/bin:/opt/git/bin:/usr/local/share/nvm/current/bin:/usr/local/share/npm-global/bin:/usr/local/sbin:/usr/local/bin:/usr/sbin:/usr/bin:/sbin:/bin:/root/.local/bin

Yarn version: 
  1.22.19

Node version: 
  20.9.0

Platform: 
  linux x64

Trace: 
  Error: https://registry.yarnpkg.com/lucid-react: Not found
      at params.callback [as _callback] (/opt/yarn-v1.22.19/lib/cli.js:66145:18)
      at self.callback (/opt/yarn-v1.22.19/lib/cli.js:140890:22)
      at Request.emit (node:events:514:28)
      at Request.<anonymous> (/opt/yarn-v1.22.19/lib/cli.js:141862:10)
      at Request.emit (node:events:514:28)
      at IncomingMessage.<anonymous> (/opt/yarn-v1.22.19/lib/cli.js:141784:12)
      at Object.onceWrapper (node:events:628:28)
      at IncomingMessage.emit (node:events:526:35)
      at endReadableNT (node:internal/streams/readable:1408:12)
      at process.processTicksAndRejections (node:internal/process/task_queues:82:21)

npm manifest: 
  {
    "name": "react-typescript",
    "version": "1.0.0",
    "description": "React and TypeScript example starter project",
    "keywords": [
      "typescript",
      "react",
      "starter"
    ],
    "main": "src/index.tsx",
    "dependencies": {
      "react": "^18.2.0",
      "react-dom": "^18.2.0"
    },
    "devDependencies": {
      "@types/node": "^22.10.1",
      "@types/react": "^18.2.38",
      "@types/react-dom": "^18.2.15",
      "@vitejs/plugin-react": "^4.2.1",
      "autoprefixer": "^10.4.20",
      "postcss": "^8.4.49",
      "tailwindcss": "^3.4.15",
      "ts-node": "^10.9.2",
      "typescript": "^5.2.2",
      "vite": "^5.0.11"
    },
    "scripts": {
      "start": "vite",
      "dev": "vite",
      "build": "vite build",
      "preview": "vite preview"
    },
    "browserslist": [
      ">0.2%",
      "not dead",
      "not ie <= 11",
      "not op_mini all"
    ]
  }

yarn manifest: 
  No manifest

Lockfile: 
  No lockfile
